20200912-223637: START >> Wikidata extraction
20200912-223637: CREATED >> raw_057.ref raw_157.ref
20200912-223637: DONE >> Wikidata Extraction
20200912-223637: START >> Input data cleaning
20200912-223637: CREATED >> 057.txt 157.txt
20200912-223637: DONE >> Input Data Cleaning
20200912-223637: START >> Segmentation 057; 2 boundary
20200912-223637: DONE >> Segmentation ; 2 boundary
20200912-223637: START >> Segmentation 157; 2 boundary
20200912-223637: DONE >> Segmentation ; 2 boundary
20200912-223637: START >> Segment Evaluation of 157, 2 boundary
20200912-223637: UPDATED >> wd_old 0.3267, pk_old 0.3267, 2
20200912-223637: DONE >> Segmentation Evalutation of 157, 2 boundary
20200912-223637: START >> Segmentation 057; 3 boundary
20200912-223637: DONE >> Segmentation ; 3 boundary
20200912-223637: START >> Segmentation 157; 3 boundary
20200912-223637: DONE >> Segmentation ; 3 boundary
20200912-223637: START >> Segment Evaluation of 157, 3 boundary
20200912-223637: UPDATED >> wd_old 0.2201, pk_old 0.2201, 3
20200912-223637: UPDATED >> 057.ref
20200912-223637: UPDATED >> 157.ref
20200912-223637: DONE >> Segmentation Evalutation of 157, 3 boundary
20200912-223637: START >> Segmentation 057; 4 boundary
20200912-223637: DONE >> Segmentation ; 4 boundary
20200912-223637: START >> Segmentation 157; 4 boundary
20200912-223637: DONE >> Segmentation ; 4 boundary
20200912-223637: START >> Segment Evaluation of 157, 4 boundary
20200912-223637: UPDATED >> wd_old 0.2017, pk_old 0.2017, 4
20200912-223637: UPDATED >> 057.ref
20200912-223637: UPDATED >> 157.ref
20200912-223637: DONE >> Segmentation Evalutation of 157, 4 boundary
20200912-223637: START >> Segmentation 057; 5 boundary
20200912-223637: DONE >> Segmentation ; 5 boundary
20200912-223637: START >> Segmentation 157; 5 boundary
20200912-223637: DONE >> Segmentation ; 5 boundary
20200912-223637: START >> Segment Evaluation of 157, 5 boundary
20200912-223637: DONE >> Segmentation Evalutation of 157, 5 boundary
20200912-223637: START >> Segmentation 057; 6 boundary
20200912-223637: DONE >> Segmentation ; 6 boundary
20200912-223637: START >> Segmentation 157; 6 boundary
20200912-223637: DONE >> Segmentation ; 6 boundary
20200912-223637: START >> Segment Evaluation of 157, 6 boundary
20200912-223637: UPDATED >> wd_old 0.1578, pk_old 0.1578, 6
20200912-223637: UPDATED >> 057.ref
20200912-223637: UPDATED >> 157.ref
20200912-223637: DONE >> Segmentation Evalutation of 157, 6 boundary
20200912-223637: START >> Segmentation 057; 7 boundary
20200912-223637: DONE >> Segmentation ; 7 boundary
20200912-223637: START >> Segmentation 157; 7 boundary
20200912-223637: DONE >> Segmentation ; 7 boundary
20200912-223637: START >> Segment Evaluation of 157, 7 boundary
20200912-223637: DONE >> Segmentation Evalutation of 157, 7 boundary
20200912-223637: START >> Segmentation 057; 8 boundary
20200912-223637: DONE >> Segmentation ; 8 boundary
20200912-223637: START >> Segmentation 157; 8 boundary
20200912-223637: DONE >> Segmentation ; 8 boundary
20200912-223637: START >> Segment Evaluation of 157, 8 boundary
20200912-223637: DONE >> Segmentation Evalutation of 157, 8 boundary
20200912-223637: START >> Segmentation 057; 9 boundary
20200912-223637: DONE >> Segmentation ; 9 boundary
20200912-223637: START >> Segmentation 157; 9 boundary
20200912-223637: DONE >> Segmentation ; 9 boundary
20200912-223637: START >> Segment Evaluation of 157, 9 boundary
20200912-223637: DONE >> Segmentation Evalutation of 157, 9 boundary
20200912-223637: START >> Segmentation 057; 10 boundary
20200912-223637: DONE >> Segmentation ; 10 boundary
20200912-223637: START >> Segmentation 157; 10 boundary
20200912-223637: DONE >> Segmentation ; 10 boundary
20200912-223637: START >> Segment Evaluation of 157, 10 boundary
20200912-223637: DONE >> Segmentation Evalutation of 157, 10 boundary
20200912-223637: START >> Composite File Creation
20200912-223637: DONE >> Composite File Creation
20200912-223637: SCRIPT DONE!!
