20200911-191438: START >> Wikidata extraction
20200911-191438: CREATED >> raw_057.ref raw_157.ref
20200911-191438: DONE >> Wikidata Extraction
20200911-191438: START >> Input data cleaning
20200911-191438: CREATED >> 057.txt 157.txt
20200911-191438: DONE >> Input Data Cleaning
20200911-191438: START >> Segmentation 057; 2 boundary
20200911-191438: DONE >> Segmentation ; 2 boundary
20200911-191438: START >> Segmentation 157; 2 boundary
20200911-191438: DONE >> Segmentation ; 2 boundary
20200911-191438: START >> Segment Evaluation of 157, 2 boundary
20200911-191438: UPDATED >> wd_old 0.2475, pk_old 0.2475, 2
20200911-191438: DONE >> Segmentation Evalutation of 157, 2 boundary
20200911-191438: START >> Segmentation 057; 3 boundary
20200911-191438: DONE >> Segmentation ; 3 boundary
20200911-191438: START >> Segmentation 157; 3 boundary
20200911-191438: DONE >> Segmentation ; 3 boundary
20200911-191438: START >> Segment Evaluation of 157, 3 boundary
20200911-191438: UPDATED >> wd_old 0.1713, pk_old 0.1713, 3
20200911-191438: UPDATED: 057.ref
20200911-191438: UPDATED: 157.ref
20200911-191438: DONE >> Segmentation Evalutation of 157, 3 boundary
20200911-191438: START >> Segmentation 057; 4 boundary
20200911-191438: DONE >> Segmentation ; 4 boundary
20200911-191438: START >> Segmentation 157; 4 boundary
20200911-191438: DONE >> Segmentation ; 4 boundary
20200911-191438: START >> Segment Evaluation of 157, 4 boundary
20200911-191438: DONE >> Segmentation Evalutation of 157, 4 boundary
20200911-191438: START >> Segmentation 057; 5 boundary
20200911-191438: DONE >> Segmentation ; 5 boundary
20200911-191438: START >> Segmentation 157; 5 boundary
20200911-191438: DONE >> Segmentation ; 5 boundary
20200911-191438: START >> Segment Evaluation of 157, 5 boundary
20200911-191438: DONE >> Segmentation Evalutation of 157, 5 boundary
20200911-191438: START >> Segmentation 057; 6 boundary
20200911-191438: DONE >> Segmentation ; 6 boundary
20200911-191438: START >> Segmentation 157; 6 boundary
20200911-191438: DONE >> Segmentation ; 6 boundary
20200911-191438: START >> Segment Evaluation of 157, 6 boundary
20200911-191438: DONE >> Segmentation Evalutation of 157, 6 boundary
20200911-191438: START >> Segmentation 057; 7 boundary
20200911-191438: DONE >> Segmentation ; 7 boundary
20200911-191438: START >> Segmentation 157; 7 boundary
20200911-191438: DONE >> Segmentation ; 7 boundary
20200911-191438: START >> Segment Evaluation of 157, 7 boundary
20200911-191438: DONE >> Segmentation Evalutation of 157, 7 boundary
20200911-191438: START >> Segmentation 057; 8 boundary
20200911-191438: DONE >> Segmentation ; 8 boundary
20200911-191438: START >> Segmentation 157; 8 boundary
20200911-191438: DONE >> Segmentation ; 8 boundary
20200911-191438: START >> Segment Evaluation of 157, 8 boundary
20200911-191438: DONE >> Segmentation Evalutation of 157, 8 boundary
20200911-191438: START >> Segmentation 057; 9 boundary
20200911-191438: DONE >> Segmentation ; 9 boundary
20200911-191438: START >> Segmentation 157; 9 boundary
20200911-191438: DONE >> Segmentation ; 9 boundary
20200911-191438: START >> Segment Evaluation of 157, 9 boundary
20200911-191438: DONE >> Segmentation Evalutation of 157, 9 boundary
20200911-191438: START >> Segmentation 057; 10 boundary
20200911-191438: DONE >> Segmentation ; 10 boundary
20200911-191438: START >> Segmentation 157; 10 boundary
20200911-191438: DONE >> Segmentation ; 10 boundary
20200911-191438: START >> Segment Evaluation of 157, 10 boundary
20200911-191438: DONE >> Segmentation Evalutation of 157, 10 boundary
20200911-191438: START >> Composite File Creation
20200911-191438: DONE >> Composite File Creation
20200911-191438: SCRIPT DONE!!
